<?xml version="1.0" encoding="GBK"?>
<beans xmlns="http://www.springframework.org/schema/beans"
	xmlns:xsi="http://www.w3.org/2001/XMLSchema-instance" xmlns:aop="http://www.springframework.org/schema/aop"
	xsi:schemaLocation="http://www.springframework.org/schema/beans http://www.springframework.org/schema/beans/spring-beans-3.0.xsd
            http://www.springframework.org/schema/aop http://www.springframework.org/schema/aop/spring-aop-3.0.xsd"
	default-autowire="byName">


	<bean id="dataSource" class="org.apache.commons.dbcp.BasicDataSource"
		destroy-method="close">
		<property name="driverClassName" value="org.hsqldb.jdbc.JDBCDriver" />
		<property name="url" value="jdbc:hsqldb:mem:/mydb" />
		<property name="username" value="sa" />
		<property name="password" value="" />
		<property name="maxActive" value="20" />
		<property name="initialSize" value="20" />
	</bean>
	
	<bean id="jdbcTemplate" class="org.springframework.jdbc.core.JdbcTemplate" />
	
	<bean id="dbCreator" class="com.murdock.tools.distinct.db.hsql.DBCreator" init-method="initial" />
	
	<bean id="matchDB" class="com.murdock.tools.distinct.db.hsql.MatchDBImpl" />

</beans>